
*** Running vivado
    with args -log controlUnit.vds -m64 -product Vivado -mode batch -messageDb vivado.pb -notrace -source controlUnit.tcl


****** Vivado v2020.1 (64-bit)
  **** SW Build 2902540 on Wed May 27 19:54:35 MDT 2020
  **** IP Build 2902112 on Wed May 27 22:43:36 MDT 2020
    ** Copyright 1986-2020 Xilinx, Inc. All Rights Reserved.

source controlUnit.tcl -notrace
Command: synth_design -top controlUnit -part xc7a35tcpg236-1
Starting synth_design
Attempting to get a license for feature 'Synthesis' and/or device 'xc7a35t'
INFO: [Common 17-349] Got license for feature 'Synthesis' and/or device 'xc7a35t'
INFO: [Synth 8-7079] Multithreading enabled for synth_design using a maximum of 4 processes.
INFO: [Synth 8-7078] Launching helper process for spawning children vivado processes
INFO: [Synth 8-7075] Helper process launched with PID 29216
---------------------------------------------------------------------------------
Starting Synthesize : Time (s): cpu = 00:00:10 ; elapsed = 00:00:15 . Memory (MB): peak = 2071.805 ; gain = 0.000 ; free physical = 792 ; free virtual = 3474
---------------------------------------------------------------------------------
INFO: [Synth 8-638] synthesizing module 'controlUnit' [/home/miguel/Desktop/PSD/Lab1/Lab1.srcs/sources_1/new/controlUnit.vhd:44]
INFO: [Synth 8-256] done synthesizing module 'controlUnit' (1#1) [/home/miguel/Desktop/PSD/Lab1/Lab1.srcs/sources_1/new/controlUnit.vhd:44]
---------------------------------------------------------------------------------
Finished Synthesize : Time (s): cpu = 00:00:13 ; elapsed = 00:00:18 . Memory (MB): peak = 2071.805 ; gain = 0.000 ; free physical = 828 ; free virtual = 3524
---------------------------------------------------------------------------------
---------------------------------------------------------------------------------
Finished Constraint Validation : Time (s): cpu = 00:00:14 ; elapsed = 00:00:19 . Memory (MB): peak = 2071.805 ; gain = 0.000 ; free physical = 821 ; free virtual = 3521
---------------------------------------------------------------------------------
---------------------------------------------------------------------------------
Start Loading Part and Timing Information
---------------------------------------------------------------------------------
Loading part: xc7a35tcpg236-1
---------------------------------------------------------------------------------
INFO: [Device 21-403] Loading part xc7a35tcpg236-1
Finished Loading Part and Timing Information : Time (s): cpu = 00:00:14 ; elapsed = 00:00:19 . Memory (MB): peak = 2079.684 ; gain = 7.879 ; free physical = 819 ; free virtual = 3519
---------------------------------------------------------------------------------
INFO: [Synth 8-802] inferred FSM for state register 'state_reg' in module 'controlUnit'
---------------------------------------------------------------------------------------------------
                   State |                     New Encoding |                Previous Encoding 
---------------------------------------------------------------------------------------------------
                      s0 |                        000000001 |                             0000
                      s1 |                        000000010 |                             0001
                      s2 |                        000000100 |                             0010
                      s3 |                        000001000 |                             0011
                      s7 |                        000010000 |                             0111
                      s6 |                        000100000 |                             0110
                      s5 |                        001000000 |                             0101
                      s4 |                        010000000 |                             0100
                  iSTATE |                        100000000 |                             1000
*
---------------------------------------------------------------------------------------------------
INFO: [Synth 8-3354] encoded FSM with state register 'state_reg' using encoding 'one-hot' in module 'controlUnit'
---------------------------------------------------------------------------------
Finished RTL Optimization Phase 2 : Time (s): cpu = 00:00:14 ; elapsed = 00:00:19 . Memory (MB): peak = 2079.684 ; gain = 7.879 ; free physical = 797 ; free virtual = 3500
---------------------------------------------------------------------------------
No constraint files found.
---------------------------------------------------------------------------------
Start RTL Component Statistics 
---------------------------------------------------------------------------------
Detailed RTL Component Info : 
+---Muxes : 
	   6 Input    9 Bit        Muxes := 1     
	   2 Input    9 Bit        Muxes := 2     
	   5 Input    9 Bit        Muxes := 1     
	   9 Input    2 Bit        Muxes := 1     
	   9 Input    1 Bit        Muxes := 2     
---------------------------------------------------------------------------------
Finished RTL Component Statistics 
---------------------------------------------------------------------------------
---------------------------------------------------------------------------------
Start Part Resource Summary
---------------------------------------------------------------------------------
Part Resources:
DSPs: 90 (col length:60)
BRAMs: 100 (col length: RAMB18 60 RAMB36 30)
---------------------------------------------------------------------------------
Finished Part Resource Summary
---------------------------------------------------------------------------------
No constraint files found.
---------------------------------------------------------------------------------
Start Cross Boundary and Area Optimization
---------------------------------------------------------------------------------
---------------------------------------------------------------------------------
Finished Cross Boundary and Area Optimization : Time (s): cpu = 00:00:23 ; elapsed = 00:00:35 . Memory (MB): peak = 2079.684 ; gain = 7.879 ; free physical = 568 ; free virtual = 3318
---------------------------------------------------------------------------------
No constraint files found.
---------------------------------------------------------------------------------
Start Timing Optimization
---------------------------------------------------------------------------------
---------------------------------------------------------------------------------
Finished Timing Optimization : Time (s): cpu = 00:00:24 ; elapsed = 00:00:36 . Memory (MB): peak = 2079.684 ; gain = 7.879 ; free physical = 565 ; free virtual = 3315
---------------------------------------------------------------------------------
---------------------------------------------------------------------------------
Start Technology Mapping
---------------------------------------------------------------------------------
---------------------------------------------------------------------------------
Finished Technology Mapping : Time (s): cpu = 00:00:24 ; elapsed = 00:00:36 . Memory (MB): peak = 2079.684 ; gain = 7.879 ; free physical = 566 ; free virtual = 3316
---------------------------------------------------------------------------------
---------------------------------------------------------------------------------
Start IO Insertion
---------------------------------------------------------------------------------
---------------------------------------------------------------------------------
Start Flattening Before IO Insertion
---------------------------------------------------------------------------------
---------------------------------------------------------------------------------
Finished Flattening Before IO Insertion
---------------------------------------------------------------------------------
---------------------------------------------------------------------------------
Start Final Netlist Cleanup
---------------------------------------------------------------------------------
---------------------------------------------------------------------------------
Finished Final Netlist Cleanup
---------------------------------------------------------------------------------
---------------------------------------------------------------------------------
Finished IO Insertion : Time (s): cpu = 00:00:34 ; elapsed = 00:00:47 . Memory (MB): peak = 2079.684 ; gain = 7.879 ; free physical = 564 ; free virtual = 3316
---------------------------------------------------------------------------------
---------------------------------------------------------------------------------
Start Renaming Generated Instances
---------------------------------------------------------------------------------
---------------------------------------------------------------------------------
Finished Renaming Generated Instances : Time (s): cpu = 00:00:34 ; elapsed = 00:00:47 . Memory (MB): peak = 2079.684 ; gain = 7.879 ; free physical = 564 ; free virtual = 3316
---------------------------------------------------------------------------------
---------------------------------------------------------------------------------
Start Rebuilding User Hierarchy
---------------------------------------------------------------------------------
---------------------------------------------------------------------------------
Finished Rebuilding User Hierarchy : Time (s): cpu = 00:00:34 ; elapsed = 00:00:47 . Memory (MB): peak = 2079.684 ; gain = 7.879 ; free physical = 564 ; free virtual = 3316
---------------------------------------------------------------------------------
---------------------------------------------------------------------------------
Start Renaming Generated Ports
---------------------------------------------------------------------------------
---------------------------------------------------------------------------------
Finished Renaming Generated Ports : Time (s): cpu = 00:00:34 ; elapsed = 00:00:47 . Memory (MB): peak = 2079.684 ; gain = 7.879 ; free physical = 564 ; free virtual = 3316
---------------------------------------------------------------------------------
---------------------------------------------------------------------------------
Start Handling Custom Attributes
---------------------------------------------------------------------------------
---------------------------------------------------------------------------------
Finished Handling Custom Attributes : Time (s): cpu = 00:00:34 ; elapsed = 00:00:47 . Memory (MB): peak = 2079.684 ; gain = 7.879 ; free physical = 564 ; free virtual = 3316
---------------------------------------------------------------------------------
---------------------------------------------------------------------------------
Start Renaming Generated Nets
---------------------------------------------------------------------------------
---------------------------------------------------------------------------------
Finished Renaming Generated Nets : Time (s): cpu = 00:00:34 ; elapsed = 00:00:47 . Memory (MB): peak = 2079.684 ; gain = 7.879 ; free physical = 564 ; free virtual = 3316
---------------------------------------------------------------------------------
---------------------------------------------------------------------------------
Start Writing Synthesis Report
---------------------------------------------------------------------------------

Report BlackBoxes: 
+-+--------------+----------+
| |BlackBox name |Instances |
+-+--------------+----------+
+-+--------------+----------+

Report Cell Usage: 
+------+-----+------+
|      |Cell |Count |
+------+-----+------+
|1     |BUFG |     1|
|2     |LUT2 |     4|
|3     |LUT3 |     1|
|4     |LUT4 |     1|
|5     |LUT5 |     6|
|6     |LUT6 |     1|
|7     |FDCE |     7|
|8     |FDPE |     1|
|9     |IBUF |     7|
|10    |OBUF |     4|
+------+-----+------+

Report Instance Areas: 
+------+---------+-------+------+
|      |Instance |Module |Cells |
+------+---------+-------+------+
|1     |top      |       |    33|
+------+---------+-------+------+
---------------------------------------------------------------------------------
Finished Writing Synthesis Report : Time (s): cpu = 00:00:34 ; elapsed = 00:00:47 . Memory (MB): peak = 2079.684 ; gain = 7.879 ; free physical = 564 ; free virtual = 3316
---------------------------------------------------------------------------------
Synthesis finished with 0 errors, 0 critical warnings and 0 warnings.
Synthesis Optimization Runtime : Time (s): cpu = 00:00:34 ; elapsed = 00:00:47 . Memory (MB): peak = 2079.684 ; gain = 7.879 ; free physical = 565 ; free virtual = 3317
Synthesis Optimization Complete : Time (s): cpu = 00:00:34 ; elapsed = 00:00:47 . Memory (MB): peak = 2079.691 ; gain = 7.879 ; free physical = 565 ; free virtual = 3317
INFO: [Project 1-571] Translating synthesized netlist
Netlist sorting complete. Time (s): cpu = 00:00:00 ; elapsed = 00:00:00 . Memory (MB): peak = 2079.691 ; gain = 0.000 ; free physical = 628 ; free virtual = 3387
INFO: [Project 1-570] Preparing netlist for logic optimization
INFO: [Opt 31-138] Pushed 0 inverter(s) to 0 load pin(s).
Netlist sorting complete. Time (s): cpu = 00:00:00 ; elapsed = 00:00:00 . Memory (MB): peak = 2103.695 ; gain = 0.000 ; free physical = 537 ; free virtual = 3308
INFO: [Project 1-111] Unisim Transformation Summary:
No Unisim elements were transformed.

INFO: [Common 17-83] Releasing license: Synthesis
14 Infos, 0 Warnings, 0 Critical Warnings and 0 Errors encountered.
synth_design completed successfully
synth_design: Time (s): cpu = 00:00:49 ; elapsed = 00:00:51 . Memory (MB): peak = 2103.695 ; gain = 32.016 ; free physical = 678 ; free virtual = 3449
INFO: [Common 17-1381] The checkpoint '/home/miguel/Desktop/PSD/Lab1/Lab1.runs/synth_1/controlUnit.dcp' has been generated.
INFO: [runtcl-4] Executing : report_utilization -file controlUnit_utilization_synth.rpt -pb controlUnit_utilization_synth.pb
INFO: [Common 17-206] Exiting Vivado at Thu Oct  8 16:20:25 2020...
